2019-05-30 20:24:06,522 INFO [main] k.a.h.c.HelloSpringBootApplication [StartupInfoLogger.java:48] Starting HelloSpringBootApplication on LAPTOP-9HJCOAV9 with PID 4836 (C:\Spring\workspace\helloSpringBoot\target\classes started by 전윤지 in C:\Spring\workspace\helloSpringBoot)
2019-05-30 20:24:06,525 DEBUG [main] k.a.h.c.HelloSpringBootApplication [StartupInfoLogger.java:51] Running with Spring Boot v1.5.21.RELEASE, Spring v4.3.24.RELEASE
2019-05-30 20:24:06,526 INFO [main] k.a.h.c.HelloSpringBootApplication [SpringApplication.java:593] No active profile set, falling back to default profiles: default
2019-05-30 20:24:06,795 INFO [background-preinit] o.h.v.i.u.Version [Version.java:30] HV000001: Hibernate Validator 5.3.6.Final
2019-05-30 20:24:06,870 INFO [main] o.s.b.c.e.AnnotationConfigEmbeddedWebApplicationContext [AbstractApplicationContext.java:583] Refreshing org.springframework.boot.context.embedded.AnnotationConfigEmbeddedWebApplicationContext@223f3642: startup date [Thu May 30 20:24:06 KST 2019]; root of context hierarchy
2019-05-30 20:24:07,852 INFO [main] o.s.c.s.PostProcessorRegistrationDelegate$BeanPostProcessorChecker [PostProcessorRegistrationDelegate.java:327] Bean 'org.springframework.transaction.annotation.ProxyTransactionManagementConfiguration' of type [org.springframework.transaction.annotation.ProxyTransactionManagementConfiguration$$EnhancerBySpringCGLIB$$2dc6dc15] is not eligible for getting processed by all BeanPostProcessors (for example: not eligible for auto-proxying)
2019-05-30 20:24:08,277 INFO [main] o.s.b.c.e.t.TomcatEmbeddedServletContainer [TomcatEmbeddedServletContainer.java:92] Tomcat initialized with port(s): 9000 (http)
2019-05-30 20:24:08,290 INFO [main] o.a.c.h.Http11NioProtocol [DirectJDKLog.java:180] Initializing ProtocolHandler ["http-nio-9000"]
2019-05-30 20:24:08,303 INFO [main] o.a.c.c.StandardService [DirectJDKLog.java:180] Starting service [Tomcat]
2019-05-30 20:24:08,305 INFO [main] o.a.c.c.StandardEngine [DirectJDKLog.java:180] Starting Servlet Engine: Apache Tomcat/8.5.40
2019-05-30 20:24:08,428 INFO [localhost-startStop-1] o.a.c.c.C.[.[.[/] [DirectJDKLog.java:180] Initializing Spring embedded WebApplicationContext
2019-05-30 20:24:08,429 INFO [localhost-startStop-1] o.s.w.c.ContextLoader [EmbeddedWebApplicationContext.java:287] Root WebApplicationContext: initialization completed in 1563 ms
2019-05-30 20:24:08,660 INFO [localhost-startStop-1] o.s.b.w.s.FilterRegistrationBean [AbstractFilterRegistrationBean.java:259] Mapping filter: 'characterEncodingFilter' to: [/*]
2019-05-30 20:24:08,661 INFO [localhost-startStop-1] o.s.b.w.s.FilterRegistrationBean [AbstractFilterRegistrationBean.java:259] Mapping filter: 'hiddenHttpMethodFilter' to: [/*]
2019-05-30 20:24:08,661 INFO [localhost-startStop-1] o.s.b.w.s.FilterRegistrationBean [AbstractFilterRegistrationBean.java:259] Mapping filter: 'httpPutFormContentFilter' to: [/*]
2019-05-30 20:24:08,661 INFO [localhost-startStop-1] o.s.b.w.s.FilterRegistrationBean [AbstractFilterRegistrationBean.java:259] Mapping filter: 'requestContextFilter' to: [/*]
2019-05-30 20:24:08,662 INFO [localhost-startStop-1] o.s.b.w.s.DelegatingFilterProxyRegistrationBean [AbstractFilterRegistrationBean.java:259] Mapping filter: 'springSecurityFilterChain' to: [/*]
2019-05-30 20:24:08,662 INFO [localhost-startStop-1] o.s.b.w.s.ServletRegistrationBean [ServletRegistrationBean.java:191] Mapping servlet: 'dispatcherServlet' to [/]
2019-05-30 20:24:10,151 INFO [main] o.s.o.j.LocalContainerEntityManagerFactoryBean [LocalContainerEntityManagerFactoryBean.java:356] Building JPA container EntityManagerFactory for persistence unit 'default'
2019-05-30 20:24:10,163 INFO [main] o.h.j.i.u.LogHelper [LogHelper.java:31] HHH000204: Processing PersistenceUnitInfo [
	name: default
	...]
2019-05-30 20:24:10,241 INFO [main] o.h.Version [Version.java:37] HHH000412: Hibernate Core {5.0.12.Final}
2019-05-30 20:24:10,244 INFO [main] o.h.c.Environment [Environment.java:213] HHH000206: hibernate.properties not found
2019-05-30 20:24:10,245 INFO [main] o.h.c.Environment [Environment.java:317] HHH000021: Bytecode provider name : javassist
2019-05-30 20:24:10,293 INFO [main] o.h.a.c.Version [JavaReflectionManager.java:66] HCANN000001: Hibernate Commons Annotations {5.0.1.Final}
2019-05-30 20:24:10,527 INFO [main] o.h.d.Dialect [Dialect.java:156] HHH000400: Using dialect: org.hibernate.dialect.MySQL5Dialect
2019-05-30 20:24:10,809 INFO [main] o.h.t.PojoInstantiator [PojoInstantiator.java:66] HHH000182: No default (no-argument) constructor for class: kr.ac.hansung.cse.model.Customer (class must be instantiated by Interceptor)
2019-05-30 20:24:10,894 INFO [main] o.h.t.h.SchemaExport [SchemaExport.java:400] HHH000227: Running hbm2ddl schema export
2019-05-30 20:24:10,952 INFO [main] o.h.t.h.SchemaExport [SchemaExport.java:464] HHH000230: Schema export complete
2019-05-30 20:24:10,979 INFO [main] o.s.o.j.LocalContainerEntityManagerFactoryBean [AbstractEntityManagerFactoryBean.java:414] Initialized JPA EntityManagerFactory for persistence unit 'default'
2019-05-30 20:24:11,173 INFO [main] o.s.b.a.s.AuthenticationManagerConfiguration [AuthenticationManagerConfiguration.java:173] 

Using default security password: 2856469c-b5d8-4473-bfeb-4a30854e558b

2019-05-30 20:24:11,307 INFO [main] o.s.s.w.DefaultSecurityFilterChain [DefaultSecurityFilterChain.java:43] Creating filter chain: org.springframework.security.web.util.matcher.AnyRequestMatcher@1, [org.springframework.security.web.context.request.async.WebAsyncManagerIntegrationFilter@72028a45, org.springframework.security.web.context.SecurityContextPersistenceFilter@31acfd4e, org.springframework.security.web.header.HeaderWriterFilter@2de6f1bc, org.springframework.security.web.authentication.logout.LogoutFilter@61149fa5, org.springframework.security.web.savedrequest.RequestCacheAwareFilter@4e80a001, org.springframework.security.web.servletapi.SecurityContextHolderAwareRequestFilter@4fba8eec, org.springframework.security.web.authentication.AnonymousAuthenticationFilter@74667e6a, org.springframework.security.web.session.SessionManagementFilter@4e140497, org.springframework.security.web.access.ExceptionTranslationFilter@d3e3085, org.springframework.security.web.access.intercept.FilterSecurityInterceptor@57f8951a]
2019-05-30 20:24:11,756 INFO [main] o.s.w.s.m.m.a.RequestMappingHandlerAdapter [RequestMappingHandlerAdapter.java:557] Looking for @ControllerAdvice: org.springframework.boot.context.embedded.AnnotationConfigEmbeddedWebApplicationContext@223f3642: startup date [Thu May 30 20:24:06 KST 2019]; root of context hierarchy
2019-05-30 20:24:11,823 INFO [main] o.s.w.s.m.m.a.RequestMappingHandlerMapping [AbstractHandlerMethodMapping.java:544] Mapped "{[/],methods=[GET]}" onto public java.lang.String kr.ac.hansung.cse.controller.HomeController.home(org.springframework.ui.Model)
2019-05-30 20:24:11,826 INFO [main] o.s.w.s.m.m.a.RequestMappingHandlerMapping [AbstractHandlerMethodMapping.java:544] Mapped "{[/error]}" onto public org.springframework.http.ResponseEntity<java.util.Map<java.lang.String, java.lang.Object>> org.springframework.boot.autoconfigure.web.BasicErrorController.error(javax.servlet.http.HttpServletRequest)
2019-05-30 20:24:11,827 INFO [main] o.s.w.s.m.m.a.RequestMappingHandlerMapping [AbstractHandlerMethodMapping.java:544] Mapped "{[/error],produces=[text/html]}" onto public org.springframework.web.servlet.ModelAndView org.springframework.boot.autoconfigure.web.BasicErrorController.errorHtml(javax.servlet.http.HttpServletRequest,javax.servlet.http.HttpServletResponse)
2019-05-30 20:24:11,858 INFO [main] o.s.w.s.h.SimpleUrlHandlerMapping [AbstractUrlHandlerMapping.java:364] Mapped URL path [/webjars/**] onto handler of type [class org.springframework.web.servlet.resource.ResourceHttpRequestHandler]
2019-05-30 20:24:11,858 INFO [main] o.s.w.s.h.SimpleUrlHandlerMapping [AbstractUrlHandlerMapping.java:364] Mapped URL path [/**] onto handler of type [class org.springframework.web.servlet.resource.ResourceHttpRequestHandler]
2019-05-30 20:24:11,906 INFO [main] o.s.w.s.h.SimpleUrlHandlerMapping [AbstractUrlHandlerMapping.java:364] Mapped URL path [/**/favicon.ico] onto handler of type [class org.springframework.web.servlet.resource.ResourceHttpRequestHandler]
2019-05-30 20:24:12,362 INFO [main] o.s.j.e.a.AnnotationMBeanExporter [MBeanExporter.java:431] Registering beans for JMX exposure on startup
2019-05-30 20:24:12,377 INFO [main] o.a.c.h.Http11NioProtocol [DirectJDKLog.java:180] Starting ProtocolHandler ["http-nio-9000"]
2019-05-30 20:24:12,391 INFO [main] o.a.t.u.n.NioSelectorPool [DirectJDKLog.java:180] Using a shared selector for servlet write/read
2019-05-30 20:24:12,404 INFO [main] o.s.b.c.e.t.TomcatEmbeddedServletContainer [TomcatEmbeddedServletContainer.java:216] Tomcat started on port(s): 9000 (http)
2019-05-30 20:24:12,409 INFO [main] k.a.h.c.HelloSpringBootApplication [StartupInfoLogger.java:57] Started HelloSpringBootApplication in 6.129 seconds (JVM running for 7.64)
2019-05-30 20:27:14,835 INFO [RMI TCP Connection(2)-127.0.0.1] o.s.b.a.SpringApplicationAdminMXBeanRegistrar$SpringApplicationAdmin [SpringApplicationAdminMXBeanRegistrar.java:125] Application shutdown requested.
2019-05-30 20:27:14,836 INFO [RMI TCP Connection(2)-127.0.0.1] o.s.b.c.e.AnnotationConfigEmbeddedWebApplicationContext [AbstractApplicationContext.java:985] Closing org.springframework.boot.context.embedded.AnnotationConfigEmbeddedWebApplicationContext@223f3642: startup date [Thu May 30 20:24:06 KST 2019]; root of context hierarchy
2019-05-30 20:27:14,838 INFO [RMI TCP Connection(2)-127.0.0.1] o.s.j.e.a.AnnotationMBeanExporter [MBeanExporter.java:449] Unregistering JMX-exposed beans on shutdown
2019-05-30 20:27:14,841 INFO [RMI TCP Connection(2)-127.0.0.1] o.s.o.j.LocalContainerEntityManagerFactoryBean [AbstractEntityManagerFactoryBean.java:590] Closing JPA EntityManagerFactory for persistence unit 'default'
2019-05-30 20:27:19,107 INFO [main] k.a.h.c.HelloSpringBootApplication [StartupInfoLogger.java:48] Starting HelloSpringBootApplication on LAPTOP-9HJCOAV9 with PID 12364 (C:\Spring\workspace\helloSpringBoot\target\classes started by 전윤지 in C:\Spring\workspace\helloSpringBoot)
2019-05-30 20:27:19,110 DEBUG [main] k.a.h.c.HelloSpringBootApplication [StartupInfoLogger.java:51] Running with Spring Boot v1.5.21.RELEASE, Spring v4.3.24.RELEASE
2019-05-30 20:27:19,112 INFO [main] k.a.h.c.HelloSpringBootApplication [SpringApplication.java:593] No active profile set, falling back to default profiles: default
2019-05-30 20:27:19,294 INFO [background-preinit] o.h.v.i.u.Version [Version.java:30] HV000001: Hibernate Validator 5.3.6.Final
2019-05-30 20:27:19,356 INFO [main] o.s.b.c.e.AnnotationConfigEmbeddedWebApplicationContext [AbstractApplicationContext.java:583] Refreshing org.springframework.boot.context.embedded.AnnotationConfigEmbeddedWebApplicationContext@223f3642: startup date [Thu May 30 20:27:19 KST 2019]; root of context hierarchy
2019-05-30 20:27:20,332 INFO [main] o.s.c.s.PostProcessorRegistrationDelegate$BeanPostProcessorChecker [PostProcessorRegistrationDelegate.java:327] Bean 'org.springframework.transaction.annotation.ProxyTransactionManagementConfiguration' of type [org.springframework.transaction.annotation.ProxyTransactionManagementConfiguration$$EnhancerBySpringCGLIB$$da5874f0] is not eligible for getting processed by all BeanPostProcessors (for example: not eligible for auto-proxying)
2019-05-30 20:27:20,677 INFO [main] o.s.b.c.e.t.TomcatEmbeddedServletContainer [TomcatEmbeddedServletContainer.java:92] Tomcat initialized with port(s): 9000 (http)
2019-05-30 20:27:20,695 INFO [main] o.a.c.h.Http11NioProtocol [DirectJDKLog.java:180] Initializing ProtocolHandler ["http-nio-9000"]
2019-05-30 20:27:20,709 INFO [main] o.a.c.c.StandardService [DirectJDKLog.java:180] Starting service [Tomcat]
2019-05-30 20:27:20,709 INFO [main] o.a.c.c.StandardEngine [DirectJDKLog.java:180] Starting Servlet Engine: Apache Tomcat/8.5.40
2019-05-30 20:27:20,833 INFO [localhost-startStop-1] o.a.c.c.C.[.[.[/] [DirectJDKLog.java:180] Initializing Spring embedded WebApplicationContext
2019-05-30 20:27:20,833 INFO [localhost-startStop-1] o.s.w.c.ContextLoader [EmbeddedWebApplicationContext.java:287] Root WebApplicationContext: initialization completed in 1480 ms
2019-05-30 20:27:20,994 INFO [localhost-startStop-1] o.s.b.w.s.FilterRegistrationBean [AbstractFilterRegistrationBean.java:259] Mapping filter: 'characterEncodingFilter' to: [/*]
2019-05-30 20:27:20,995 INFO [localhost-startStop-1] o.s.b.w.s.FilterRegistrationBean [AbstractFilterRegistrationBean.java:259] Mapping filter: 'hiddenHttpMethodFilter' to: [/*]
2019-05-30 20:27:20,996 INFO [localhost-startStop-1] o.s.b.w.s.FilterRegistrationBean [AbstractFilterRegistrationBean.java:259] Mapping filter: 'httpPutFormContentFilter' to: [/*]
2019-05-30 20:27:20,996 INFO [localhost-startStop-1] o.s.b.w.s.FilterRegistrationBean [AbstractFilterRegistrationBean.java:259] Mapping filter: 'requestContextFilter' to: [/*]
2019-05-30 20:27:20,997 INFO [localhost-startStop-1] o.s.b.w.s.DelegatingFilterProxyRegistrationBean [AbstractFilterRegistrationBean.java:259] Mapping filter: 'springSecurityFilterChain' to: [/*]
2019-05-30 20:27:20,997 INFO [localhost-startStop-1] o.s.b.w.s.ServletRegistrationBean [ServletRegistrationBean.java:191] Mapping servlet: 'dispatcherServlet' to [/]
2019-05-30 20:27:22,388 INFO [main] o.s.o.j.LocalContainerEntityManagerFactoryBean [LocalContainerEntityManagerFactoryBean.java:356] Building JPA container EntityManagerFactory for persistence unit 'default'
2019-05-30 20:27:22,400 INFO [main] o.h.j.i.u.LogHelper [LogHelper.java:31] HHH000204: Processing PersistenceUnitInfo [
	name: default
	...]
2019-05-30 20:27:22,473 INFO [main] o.h.Version [Version.java:37] HHH000412: Hibernate Core {5.0.12.Final}
2019-05-30 20:27:22,475 INFO [main] o.h.c.Environment [Environment.java:213] HHH000206: hibernate.properties not found
2019-05-30 20:27:22,476 INFO [main] o.h.c.Environment [Environment.java:317] HHH000021: Bytecode provider name : javassist
2019-05-30 20:27:22,524 INFO [main] o.h.a.c.Version [JavaReflectionManager.java:66] HCANN000001: Hibernate Commons Annotations {5.0.1.Final}
2019-05-30 20:27:22,790 INFO [main] o.h.d.Dialect [Dialect.java:156] HHH000400: Using dialect: org.hibernate.dialect.MySQL5Dialect
2019-05-30 20:27:23,052 INFO [main] o.h.t.PojoInstantiator [PojoInstantiator.java:66] HHH000182: No default (no-argument) constructor for class: kr.ac.hansung.cse.model.Customer (class must be instantiated by Interceptor)
2019-05-30 20:27:23,141 INFO [main] o.h.t.h.SchemaExport [SchemaExport.java:400] HHH000227: Running hbm2ddl schema export
2019-05-30 20:27:23,205 INFO [main] o.h.t.h.SchemaExport [SchemaExport.java:464] HHH000230: Schema export complete
2019-05-30 20:27:23,233 INFO [main] o.s.o.j.LocalContainerEntityManagerFactoryBean [AbstractEntityManagerFactoryBean.java:414] Initialized JPA EntityManagerFactory for persistence unit 'default'
2019-05-30 20:27:23,423 INFO [main] o.s.b.a.s.AuthenticationManagerConfiguration [AuthenticationManagerConfiguration.java:173] 

Using default security password: 3d0fb028-5fbe-4528-92a5-4ce59961a783

2019-05-30 20:27:23,549 INFO [main] o.s.s.w.DefaultSecurityFilterChain [DefaultSecurityFilterChain.java:43] Creating filter chain: org.springframework.security.web.util.matcher.AnyRequestMatcher@1, [org.springframework.security.web.context.request.async.WebAsyncManagerIntegrationFilter@260e3837, org.springframework.security.web.context.SecurityContextPersistenceFilter@4c731956, org.springframework.security.web.header.HeaderWriterFilter@5348d83c, org.springframework.security.web.authentication.logout.LogoutFilter@5ed5b321, org.springframework.security.web.savedrequest.RequestCacheAwareFilter@49cd946c, org.springframework.security.web.servletapi.SecurityContextHolderAwareRequestFilter@5f726750, org.springframework.security.web.authentication.AnonymousAuthenticationFilter@88b76f2, org.springframework.security.web.session.SessionManagementFilter@2de6f1bc, org.springframework.security.web.access.ExceptionTranslationFilter@2443abd6, org.springframework.security.web.access.intercept.FilterSecurityInterceptor@195580ba]
2019-05-30 20:27:24,056 INFO [main] o.s.w.s.m.m.a.RequestMappingHandlerAdapter [RequestMappingHandlerAdapter.java:557] Looking for @ControllerAdvice: org.springframework.boot.context.embedded.AnnotationConfigEmbeddedWebApplicationContext@223f3642: startup date [Thu May 30 20:27:19 KST 2019]; root of context hierarchy
2019-05-30 20:27:24,131 INFO [main] o.s.w.s.m.m.a.RequestMappingHandlerMapping [AbstractHandlerMethodMapping.java:544] Mapped "{[/],methods=[GET]}" onto public java.lang.String kr.ac.hansung.cse.controller.HomeController.home(org.springframework.ui.Model)
2019-05-30 20:27:24,133 INFO [main] o.s.w.s.m.m.a.RequestMappingHandlerMapping [AbstractHandlerMethodMapping.java:544] Mapped "{[/error]}" onto public org.springframework.http.ResponseEntity<java.util.Map<java.lang.String, java.lang.Object>> org.springframework.boot.autoconfigure.web.BasicErrorController.error(javax.servlet.http.HttpServletRequest)
2019-05-30 20:27:24,134 INFO [main] o.s.w.s.m.m.a.RequestMappingHandlerMapping [AbstractHandlerMethodMapping.java:544] Mapped "{[/error],produces=[text/html]}" onto public org.springframework.web.servlet.ModelAndView org.springframework.boot.autoconfigure.web.BasicErrorController.errorHtml(javax.servlet.http.HttpServletRequest,javax.servlet.http.HttpServletResponse)
2019-05-30 20:27:24,174 INFO [main] o.s.w.s.h.SimpleUrlHandlerMapping [AbstractUrlHandlerMapping.java:364] Mapped URL path [/webjars/**] onto handler of type [class org.springframework.web.servlet.resource.ResourceHttpRequestHandler]
2019-05-30 20:27:24,175 INFO [main] o.s.w.s.h.SimpleUrlHandlerMapping [AbstractUrlHandlerMapping.java:364] Mapped URL path [/**] onto handler of type [class org.springframework.web.servlet.resource.ResourceHttpRequestHandler]
2019-05-30 20:27:24,220 INFO [main] o.s.w.s.h.SimpleUrlHandlerMapping [AbstractUrlHandlerMapping.java:364] Mapped URL path [/**/favicon.ico] onto handler of type [class org.springframework.web.servlet.resource.ResourceHttpRequestHandler]
2019-05-30 20:27:24,705 INFO [main] o.s.j.e.a.AnnotationMBeanExporter [MBeanExporter.java:431] Registering beans for JMX exposure on startup
2019-05-30 20:27:24,719 INFO [main] o.a.c.h.Http11NioProtocol [DirectJDKLog.java:180] Starting ProtocolHandler ["http-nio-9000"]
2019-05-30 20:27:24,732 INFO [main] o.a.t.u.n.NioSelectorPool [DirectJDKLog.java:180] Using a shared selector for servlet write/read
2019-05-30 20:27:24,745 INFO [main] o.s.b.c.e.t.TomcatEmbeddedServletContainer [TomcatEmbeddedServletContainer.java:216] Tomcat started on port(s): 9000 (http)
2019-05-30 20:27:24,750 INFO [main] k.a.h.c.HelloSpringBootApplication [StartupInfoLogger.java:57] Started HelloSpringBootApplication in 5.863 seconds (JVM running for 7.354)
2019-05-30 20:27:53,026 INFO [RMI TCP Connection(2)-127.0.0.1] o.s.b.a.SpringApplicationAdminMXBeanRegistrar$SpringApplicationAdmin [SpringApplicationAdminMXBeanRegistrar.java:125] Application shutdown requested.
2019-05-30 20:27:53,027 INFO [RMI TCP Connection(2)-127.0.0.1] o.s.b.c.e.AnnotationConfigEmbeddedWebApplicationContext [AbstractApplicationContext.java:985] Closing org.springframework.boot.context.embedded.AnnotationConfigEmbeddedWebApplicationContext@223f3642: startup date [Thu May 30 20:27:19 KST 2019]; root of context hierarchy
2019-05-30 20:27:53,028 INFO [RMI TCP Connection(2)-127.0.0.1] o.s.j.e.a.AnnotationMBeanExporter [MBeanExporter.java:449] Unregistering JMX-exposed beans on shutdown
2019-05-30 20:27:53,031 INFO [RMI TCP Connection(2)-127.0.0.1] o.s.o.j.LocalContainerEntityManagerFactoryBean [AbstractEntityManagerFactoryBean.java:590] Closing JPA EntityManagerFactory for persistence unit 'default'
2019-05-30 20:27:57,018 INFO [main] k.a.h.c.HelloSpringBootApplication [StartupInfoLogger.java:48] Starting HelloSpringBootApplication on LAPTOP-9HJCOAV9 with PID 23320 (C:\Spring\workspace\helloSpringBoot\target\classes started by 전윤지 in C:\Spring\workspace\helloSpringBoot)
2019-05-30 20:27:57,020 DEBUG [main] k.a.h.c.HelloSpringBootApplication [StartupInfoLogger.java:51] Running with Spring Boot v1.5.21.RELEASE, Spring v4.3.24.RELEASE
2019-05-30 20:27:57,021 INFO [main] k.a.h.c.HelloSpringBootApplication [SpringApplication.java:593] No active profile set, falling back to default profiles: default
2019-05-30 20:27:57,181 INFO [background-preinit] o.h.v.i.u.Version [Version.java:30] HV000001: Hibernate Validator 5.3.6.Final
2019-05-30 20:27:57,209 INFO [main] o.s.b.c.e.AnnotationConfigEmbeddedWebApplicationContext [AbstractApplicationContext.java:583] Refreshing org.springframework.boot.context.embedded.AnnotationConfigEmbeddedWebApplicationContext@223f3642: startup date [Thu May 30 20:27:57 KST 2019]; root of context hierarchy
2019-05-30 20:27:58,094 INFO [main] o.s.c.s.PostProcessorRegistrationDelegate$BeanPostProcessorChecker [PostProcessorRegistrationDelegate.java:327] Bean 'org.springframework.transaction.annotation.ProxyTransactionManagementConfiguration' of type [org.springframework.transaction.annotation.ProxyTransactionManagementConfiguration$$EnhancerBySpringCGLIB$$2dc6dc15] is not eligible for getting processed by all BeanPostProcessors (for example: not eligible for auto-proxying)
2019-05-30 20:27:58,390 INFO [main] o.s.b.c.e.t.TomcatEmbeddedServletContainer [TomcatEmbeddedServletContainer.java:92] Tomcat initialized with port(s): 9000 (http)
2019-05-30 20:27:58,401 INFO [main] o.a.c.h.Http11NioProtocol [DirectJDKLog.java:180] Initializing ProtocolHandler ["http-nio-9000"]
2019-05-30 20:27:58,414 INFO [main] o.a.c.c.StandardService [DirectJDKLog.java:180] Starting service [Tomcat]
2019-05-30 20:27:58,414 INFO [main] o.a.c.c.StandardEngine [DirectJDKLog.java:180] Starting Servlet Engine: Apache Tomcat/8.5.40
2019-05-30 20:27:58,535 INFO [localhost-startStop-1] o.a.c.c.C.[.[.[/] [DirectJDKLog.java:180] Initializing Spring embedded WebApplicationContext
2019-05-30 20:27:58,536 INFO [localhost-startStop-1] o.s.w.c.ContextLoader [EmbeddedWebApplicationContext.java:287] Root WebApplicationContext: initialization completed in 1329 ms
2019-05-30 20:27:58,690 INFO [localhost-startStop-1] o.s.b.w.s.FilterRegistrationBean [AbstractFilterRegistrationBean.java:259] Mapping filter: 'characterEncodingFilter' to: [/*]
2019-05-30 20:27:58,691 INFO [localhost-startStop-1] o.s.b.w.s.FilterRegistrationBean [AbstractFilterRegistrationBean.java:259] Mapping filter: 'hiddenHttpMethodFilter' to: [/*]
2019-05-30 20:27:58,691 INFO [localhost-startStop-1] o.s.b.w.s.FilterRegistrationBean [AbstractFilterRegistrationBean.java:259] Mapping filter: 'httpPutFormContentFilter' to: [/*]
2019-05-30 20:27:58,691 INFO [localhost-startStop-1] o.s.b.w.s.FilterRegistrationBean [AbstractFilterRegistrationBean.java:259] Mapping filter: 'requestContextFilter' to: [/*]
2019-05-30 20:27:58,692 INFO [localhost-startStop-1] o.s.b.w.s.DelegatingFilterProxyRegistrationBean [AbstractFilterRegistrationBean.java:259] Mapping filter: 'springSecurityFilterChain' to: [/*]
2019-05-30 20:27:58,692 INFO [localhost-startStop-1] o.s.b.w.s.ServletRegistrationBean [ServletRegistrationBean.java:191] Mapping servlet: 'dispatcherServlet' to [/]
2019-05-30 20:27:59,974 INFO [main] o.s.o.j.LocalContainerEntityManagerFactoryBean [LocalContainerEntityManagerFactoryBean.java:356] Building JPA container EntityManagerFactory for persistence unit 'default'
2019-05-30 20:27:59,984 INFO [main] o.h.j.i.u.LogHelper [LogHelper.java:31] HHH000204: Processing PersistenceUnitInfo [
	name: default
	...]
2019-05-30 20:28:00,063 INFO [main] o.h.Version [Version.java:37] HHH000412: Hibernate Core {5.0.12.Final}
2019-05-30 20:28:00,065 INFO [main] o.h.c.Environment [Environment.java:213] HHH000206: hibernate.properties not found
2019-05-30 20:28:00,066 INFO [main] o.h.c.Environment [Environment.java:317] HHH000021: Bytecode provider name : javassist
2019-05-30 20:28:00,112 INFO [main] o.h.a.c.Version [JavaReflectionManager.java:66] HCANN000001: Hibernate Commons Annotations {5.0.1.Final}
2019-05-30 20:28:00,314 INFO [main] o.h.d.Dialect [Dialect.java:156] HHH000400: Using dialect: org.hibernate.dialect.MySQL5Dialect
2019-05-30 20:28:00,557 INFO [main] o.h.t.PojoInstantiator [PojoInstantiator.java:66] HHH000182: No default (no-argument) constructor for class: kr.ac.hansung.cse.model.Customer (class must be instantiated by Interceptor)
2019-05-30 20:28:00,638 INFO [main] o.h.t.h.SchemaExport [SchemaExport.java:400] HHH000227: Running hbm2ddl schema export
2019-05-30 20:28:00,800 INFO [main] o.h.t.h.SchemaExport [SchemaExport.java:464] HHH000230: Schema export complete
2019-05-30 20:28:00,826 INFO [main] o.s.o.j.LocalContainerEntityManagerFactoryBean [AbstractEntityManagerFactoryBean.java:414] Initialized JPA EntityManagerFactory for persistence unit 'default'
2019-05-30 20:28:01,010 INFO [main] o.s.b.a.s.AuthenticationManagerConfiguration [AuthenticationManagerConfiguration.java:173] 

Using default security password: bc4bcd15-6560-42dc-9d81-027446e58103

2019-05-30 20:28:01,120 INFO [main] o.s.s.w.DefaultSecurityFilterChain [DefaultSecurityFilterChain.java:43] Creating filter chain: org.springframework.security.web.util.matcher.AnyRequestMatcher@1, [org.springframework.security.web.context.request.async.WebAsyncManagerIntegrationFilter@72028a45, org.springframework.security.web.context.SecurityContextPersistenceFilter@31acfd4e, org.springframework.security.web.header.HeaderWriterFilter@2de6f1bc, org.springframework.security.web.authentication.logout.LogoutFilter@61149fa5, org.springframework.security.web.savedrequest.RequestCacheAwareFilter@4e80a001, org.springframework.security.web.servletapi.SecurityContextHolderAwareRequestFilter@4fba8eec, org.springframework.security.web.authentication.AnonymousAuthenticationFilter@74667e6a, org.springframework.security.web.session.SessionManagementFilter@4e140497, org.springframework.security.web.access.ExceptionTranslationFilter@d3e3085, org.springframework.security.web.access.intercept.FilterSecurityInterceptor@57f8951a]
2019-05-30 20:28:01,325 INFO [main] o.s.j.d.i.ScriptUtils [ScriptUtils.java:443] Executing SQL script from URL [file:/C:/Spring/workspace/helloSpringBoot/target/classes/data.sql]
2019-05-30 20:28:01,334 INFO [main] o.s.j.d.i.ScriptUtils [ScriptUtils.java:509] Executed SQL script from URL [file:/C:/Spring/workspace/helloSpringBoot/target/classes/data.sql] in 8 ms.
2019-05-30 20:28:01,540 INFO [main] o.s.w.s.m.m.a.RequestMappingHandlerAdapter [RequestMappingHandlerAdapter.java:557] Looking for @ControllerAdvice: org.springframework.boot.context.embedded.AnnotationConfigEmbeddedWebApplicationContext@223f3642: startup date [Thu May 30 20:27:57 KST 2019]; root of context hierarchy
2019-05-30 20:28:01,600 INFO [main] o.s.w.s.m.m.a.RequestMappingHandlerMapping [AbstractHandlerMethodMapping.java:544] Mapped "{[/],methods=[GET]}" onto public java.lang.String kr.ac.hansung.cse.controller.HomeController.home(org.springframework.ui.Model)
2019-05-30 20:28:01,602 INFO [main] o.s.w.s.m.m.a.RequestMappingHandlerMapping [AbstractHandlerMethodMapping.java:544] Mapped "{[/error]}" onto public org.springframework.http.ResponseEntity<java.util.Map<java.lang.String, java.lang.Object>> org.springframework.boot.autoconfigure.web.BasicErrorController.error(javax.servlet.http.HttpServletRequest)
2019-05-30 20:28:01,603 INFO [main] o.s.w.s.m.m.a.RequestMappingHandlerMapping [AbstractHandlerMethodMapping.java:544] Mapped "{[/error],produces=[text/html]}" onto public org.springframework.web.servlet.ModelAndView org.springframework.boot.autoconfigure.web.BasicErrorController.errorHtml(javax.servlet.http.HttpServletRequest,javax.servlet.http.HttpServletResponse)
2019-05-30 20:28:01,648 INFO [main] o.s.w.s.h.SimpleUrlHandlerMapping [AbstractUrlHandlerMapping.java:364] Mapped URL path [/webjars/**] onto handler of type [class org.springframework.web.servlet.resource.ResourceHttpRequestHandler]
2019-05-30 20:28:01,648 INFO [main] o.s.w.s.h.SimpleUrlHandlerMapping [AbstractUrlHandlerMapping.java:364] Mapped URL path [/**] onto handler of type [class org.springframework.web.servlet.resource.ResourceHttpRequestHandler]
2019-05-30 20:28:01,681 INFO [main] o.s.w.s.h.SimpleUrlHandlerMapping [AbstractUrlHandlerMapping.java:364] Mapped URL path [/**/favicon.ico] onto handler of type [class org.springframework.web.servlet.resource.ResourceHttpRequestHandler]
2019-05-30 20:28:02,117 INFO [main] o.s.j.e.a.AnnotationMBeanExporter [MBeanExporter.java:431] Registering beans for JMX exposure on startup
2019-05-30 20:28:02,131 INFO [main] o.a.c.h.Http11NioProtocol [DirectJDKLog.java:180] Starting ProtocolHandler ["http-nio-9000"]
2019-05-30 20:28:02,141 INFO [main] o.a.t.u.n.NioSelectorPool [DirectJDKLog.java:180] Using a shared selector for servlet write/read
2019-05-30 20:28:02,160 INFO [main] o.s.b.c.e.t.TomcatEmbeddedServletContainer [TomcatEmbeddedServletContainer.java:216] Tomcat started on port(s): 9000 (http)
2019-05-30 20:28:02,167 INFO [main] k.a.h.c.HelloSpringBootApplication [StartupInfoLogger.java:57] Started HelloSpringBootApplication in 5.33 seconds (JVM running for 6.706)
2019-05-30 20:43:05,060 INFO [RMI TCP Connection(2)-127.0.0.1] o.s.b.a.SpringApplicationAdminMXBeanRegistrar$SpringApplicationAdmin [SpringApplicationAdminMXBeanRegistrar.java:125] Application shutdown requested.
2019-05-30 20:43:05,060 INFO [RMI TCP Connection(2)-127.0.0.1] o.s.b.c.e.AnnotationConfigEmbeddedWebApplicationContext [AbstractApplicationContext.java:985] Closing org.springframework.boot.context.embedded.AnnotationConfigEmbeddedWebApplicationContext@223f3642: startup date [Thu May 30 20:27:57 KST 2019]; root of context hierarchy
2019-05-30 20:43:05,062 INFO [RMI TCP Connection(2)-127.0.0.1] o.s.j.e.a.AnnotationMBeanExporter [MBeanExporter.java:449] Unregistering JMX-exposed beans on shutdown
2019-05-30 20:43:05,064 INFO [RMI TCP Connection(2)-127.0.0.1] o.s.o.j.LocalContainerEntityManagerFactoryBean [AbstractEntityManagerFactoryBean.java:590] Closing JPA EntityManagerFactory for persistence unit 'default'
2019-05-30 20:51:01,739 INFO [main] k.a.h.c.HelloSpringBootApplication [StartupInfoLogger.java:48] Starting HelloSpringBootApplication on LAPTOP-9HJCOAV9 with PID 8024 (C:\Spring\workspace\helloSpringBoot\target\classes started by 전윤지 in C:\Spring\workspace\helloSpringBoot)
2019-05-30 20:51:01,742 DEBUG [main] k.a.h.c.HelloSpringBootApplication [StartupInfoLogger.java:51] Running with Spring Boot v1.5.21.RELEASE, Spring v4.3.24.RELEASE
2019-05-30 20:51:01,742 INFO [main] k.a.h.c.HelloSpringBootApplication [SpringApplication.java:593] No active profile set, falling back to default profiles: default
2019-05-30 20:51:01,879 INFO [background-preinit] o.h.v.i.u.Version [Version.java:30] HV000001: Hibernate Validator 5.3.6.Final
2019-05-30 20:51:01,924 INFO [main] o.s.b.c.e.AnnotationConfigEmbeddedWebApplicationContext [AbstractApplicationContext.java:583] Refreshing org.springframework.boot.context.embedded.AnnotationConfigEmbeddedWebApplicationContext@223f3642: startup date [Thu May 30 20:51:01 KST 2019]; root of context hierarchy
2019-05-30 20:51:02,919 INFO [main] o.s.c.s.PostProcessorRegistrationDelegate$BeanPostProcessorChecker [PostProcessorRegistrationDelegate.java:327] Bean 'org.springframework.transaction.annotation.ProxyTransactionManagementConfiguration' of type [org.springframework.transaction.annotation.ProxyTransactionManagementConfiguration$$EnhancerBySpringCGLIB$$63f1476e] is not eligible for getting processed by all BeanPostProcessors (for example: not eligible for auto-proxying)
2019-05-30 20:51:03,232 INFO [main] o.s.b.c.e.t.TomcatEmbeddedServletContainer [TomcatEmbeddedServletContainer.java:92] Tomcat initialized with port(s): 9000 (http)
2019-05-30 20:51:03,244 INFO [main] o.a.c.h.Http11NioProtocol [DirectJDKLog.java:180] Initializing ProtocolHandler ["http-nio-9000"]
2019-05-30 20:51:03,257 INFO [main] o.a.c.c.StandardService [DirectJDKLog.java:180] Starting service [Tomcat]
2019-05-30 20:51:03,258 INFO [main] o.a.c.c.StandardEngine [DirectJDKLog.java:180] Starting Servlet Engine: Apache Tomcat/8.5.40
2019-05-30 20:51:03,375 INFO [localhost-startStop-1] o.a.c.c.C.[.[.[/] [DirectJDKLog.java:180] Initializing Spring embedded WebApplicationContext
2019-05-30 20:51:03,375 INFO [localhost-startStop-1] o.s.w.c.ContextLoader [EmbeddedWebApplicationContext.java:287] Root WebApplicationContext: initialization completed in 1454 ms
2019-05-30 20:51:03,536 INFO [localhost-startStop-1] o.s.b.w.s.FilterRegistrationBean [AbstractFilterRegistrationBean.java:259] Mapping filter: 'characterEncodingFilter' to: [/*]
2019-05-30 20:51:03,537 INFO [localhost-startStop-1] o.s.b.w.s.FilterRegistrationBean [AbstractFilterRegistrationBean.java:259] Mapping filter: 'hiddenHttpMethodFilter' to: [/*]
2019-05-30 20:51:03,537 INFO [localhost-startStop-1] o.s.b.w.s.FilterRegistrationBean [AbstractFilterRegistrationBean.java:259] Mapping filter: 'httpPutFormContentFilter' to: [/*]
2019-05-30 20:51:03,537 INFO [localhost-startStop-1] o.s.b.w.s.FilterRegistrationBean [AbstractFilterRegistrationBean.java:259] Mapping filter: 'requestContextFilter' to: [/*]
2019-05-30 20:51:03,538 INFO [localhost-startStop-1] o.s.b.w.s.DelegatingFilterProxyRegistrationBean [AbstractFilterRegistrationBean.java:259] Mapping filter: 'springSecurityFilterChain' to: [/*]
2019-05-30 20:51:03,538 INFO [localhost-startStop-1] o.s.b.w.s.ServletRegistrationBean [ServletRegistrationBean.java:191] Mapping servlet: 'dispatcherServlet' to [/]
2019-05-30 20:51:04,882 INFO [main] o.s.o.j.LocalContainerEntityManagerFactoryBean [LocalContainerEntityManagerFactoryBean.java:356] Building JPA container EntityManagerFactory for persistence unit 'default'
2019-05-30 20:51:04,894 INFO [main] o.h.j.i.u.LogHelper [LogHelper.java:31] HHH000204: Processing PersistenceUnitInfo [
	name: default
	...]
2019-05-30 20:51:04,962 INFO [main] o.h.Version [Version.java:37] HHH000412: Hibernate Core {5.0.12.Final}
2019-05-30 20:51:04,963 INFO [main] o.h.c.Environment [Environment.java:213] HHH000206: hibernate.properties not found
2019-05-30 20:51:04,965 INFO [main] o.h.c.Environment [Environment.java:317] HHH000021: Bytecode provider name : javassist
2019-05-30 20:51:05,006 INFO [main] o.h.a.c.Version [JavaReflectionManager.java:66] HCANN000001: Hibernate Commons Annotations {5.0.1.Final}
2019-05-30 20:51:05,236 INFO [main] o.h.d.Dialect [Dialect.java:156] HHH000400: Using dialect: org.hibernate.dialect.MySQL5Dialect
2019-05-30 20:51:05,500 INFO [main] o.h.t.PojoInstantiator [PojoInstantiator.java:66] HHH000182: No default (no-argument) constructor for class: kr.ac.hansung.cse.model.Customer (class must be instantiated by Interceptor)
2019-05-30 20:51:05,580 INFO [main] o.h.t.h.SchemaExport [SchemaExport.java:400] HHH000227: Running hbm2ddl schema export
2019-05-30 20:51:05,628 INFO [main] o.h.t.h.SchemaExport [SchemaExport.java:464] HHH000230: Schema export complete
2019-05-30 20:51:05,656 INFO [main] o.s.o.j.LocalContainerEntityManagerFactoryBean [AbstractEntityManagerFactoryBean.java:414] Initialized JPA EntityManagerFactory for persistence unit 'default'
2019-05-30 20:51:05,798 INFO [main] o.s.j.d.i.ScriptUtils [ScriptUtils.java:443] Executing SQL script from URL [file:/C:/Spring/workspace/helloSpringBoot/target/classes/data.sql]
2019-05-30 20:51:05,806 INFO [main] o.s.j.d.i.ScriptUtils [ScriptUtils.java:509] Executed SQL script from URL [file:/C:/Spring/workspace/helloSpringBoot/target/classes/data.sql] in 8 ms.
2019-05-30 20:51:06,053 INFO [main] o.s.b.a.s.AuthenticationManagerConfiguration [AuthenticationManagerConfiguration.java:173] 

Using default security password: 84d90fa2-b30a-4793-ba0e-a8922139c0d9

2019-05-30 20:51:06,176 INFO [main] o.s.s.w.DefaultSecurityFilterChain [DefaultSecurityFilterChain.java:43] Creating filter chain: org.springframework.security.web.util.matcher.AnyRequestMatcher@1, [org.springframework.security.web.context.request.async.WebAsyncManagerIntegrationFilter@7e49ded, org.springframework.security.web.context.SecurityContextPersistenceFilter@49cb3881, org.springframework.security.web.header.HeaderWriterFilter@5c4cc644, org.springframework.security.web.authentication.logout.LogoutFilter@19fec3d6, org.springframework.security.web.savedrequest.RequestCacheAwareFilter@284bdeed, org.springframework.security.web.servletapi.SecurityContextHolderAwareRequestFilter@7ddcb0dc, org.springframework.security.web.authentication.AnonymousAuthenticationFilter@2c6c302f, org.springframework.security.web.session.SessionManagementFilter@370c9018, org.springframework.security.web.access.ExceptionTranslationFilter@76cdafa3, org.springframework.security.web.access.intercept.FilterSecurityInterceptor@153d6d74]
2019-05-30 20:51:06,406 INFO [main] o.s.w.s.m.m.a.RequestMappingHandlerAdapter [RequestMappingHandlerAdapter.java:557] Looking for @ControllerAdvice: org.springframework.boot.context.embedded.AnnotationConfigEmbeddedWebApplicationContext@223f3642: startup date [Thu May 30 20:51:01 KST 2019]; root of context hierarchy
2019-05-30 20:51:06,470 INFO [main] o.s.w.s.m.m.a.RequestMappingHandlerMapping [AbstractHandlerMethodMapping.java:544] Mapped "{[/api/customers],methods=[GET],produces=[application/json]}" onto public org.springframework.http.ResponseEntity<java.util.List<kr.ac.hansung.cse.model.Customer>> kr.ac.hansung.cse.controller.CustomerController.getAll()
2019-05-30 20:51:06,472 INFO [main] o.s.w.s.m.m.a.RequestMappingHandlerMapping [AbstractHandlerMethodMapping.java:544] Mapped "{[/api/customers],methods=[POST]}" onto public org.springframework.http.ResponseEntity<java.lang.Void> kr.ac.hansung.cse.controller.CustomerController.postCustomer(kr.ac.hansung.cse.model.Customer)
2019-05-30 20:51:06,473 INFO [main] o.s.w.s.m.m.a.RequestMappingHandlerMapping [AbstractHandlerMethodMapping.java:544] Mapped "{[/api/customers/{id}],methods=[DELETE]}" onto public org.springframework.http.ResponseEntity<java.lang.Void> kr.ac.hansung.cse.controller.CustomerController.deleteCustomer(long)
2019-05-30 20:51:06,473 INFO [main] o.s.w.s.m.m.a.RequestMappingHandlerMapping [AbstractHandlerMethodMapping.java:544] Mapped "{[/api/customers/{lastName}],methods=[GET],produces=[application/json]}" onto public org.springframework.http.ResponseEntity<java.util.List<kr.ac.hansung.cse.model.Customer>> kr.ac.hansung.cse.controller.CustomerController.findByLastName(java.lang.String)
2019-05-30 20:51:06,474 INFO [main] o.s.w.s.m.m.a.RequestMappingHandlerMapping [AbstractHandlerMethodMapping.java:544] Mapped "{[/],methods=[GET]}" onto public java.lang.String kr.ac.hansung.cse.controller.HomeController.home(org.springframework.ui.Model)
2019-05-30 20:51:06,475 INFO [main] o.s.w.s.m.m.a.RequestMappingHandlerMapping [AbstractHandlerMethodMapping.java:544] Mapped "{[/error]}" onto public org.springframework.http.ResponseEntity<java.util.Map<java.lang.String, java.lang.Object>> org.springframework.boot.autoconfigure.web.BasicErrorController.error(javax.servlet.http.HttpServletRequest)
2019-05-30 20:51:06,475 INFO [main] o.s.w.s.m.m.a.RequestMappingHandlerMapping [AbstractHandlerMethodMapping.java:544] Mapped "{[/error],produces=[text/html]}" onto public org.springframework.web.servlet.ModelAndView org.springframework.boot.autoconfigure.web.BasicErrorController.errorHtml(javax.servlet.http.HttpServletRequest,javax.servlet.http.HttpServletResponse)
2019-05-30 20:51:06,505 INFO [main] o.s.w.s.h.SimpleUrlHandlerMapping [AbstractUrlHandlerMapping.java:364] Mapped URL path [/webjars/**] onto handler of type [class org.springframework.web.servlet.resource.ResourceHttpRequestHandler]
2019-05-30 20:51:06,505 INFO [main] o.s.w.s.h.SimpleUrlHandlerMapping [AbstractUrlHandlerMapping.java:364] Mapped URL path [/**] onto handler of type [class org.springframework.web.servlet.resource.ResourceHttpRequestHandler]
2019-05-30 20:51:06,550 INFO [main] o.s.w.s.h.SimpleUrlHandlerMapping [AbstractUrlHandlerMapping.java:364] Mapped URL path [/**/favicon.ico] onto handler of type [class org.springframework.web.servlet.resource.ResourceHttpRequestHandler]
2019-05-30 20:51:06,995 INFO [main] o.s.j.e.a.AnnotationMBeanExporter [MBeanExporter.java:431] Registering beans for JMX exposure on startup
2019-05-30 20:51:07,009 INFO [main] o.a.c.h.Http11NioProtocol [DirectJDKLog.java:180] Starting ProtocolHandler ["http-nio-9000"]
2019-05-30 20:51:07,021 INFO [main] o.a.t.u.n.NioSelectorPool [DirectJDKLog.java:180] Using a shared selector for servlet write/read
2019-05-30 20:51:07,032 INFO [main] o.s.b.c.e.t.TomcatEmbeddedServletContainer [TomcatEmbeddedServletContainer.java:216] Tomcat started on port(s): 9000 (http)
2019-05-30 20:51:07,037 INFO [main] k.a.h.c.HelloSpringBootApplication [StartupInfoLogger.java:57] Started HelloSpringBootApplication in 5.495 seconds (JVM running for 6.892)
2019-05-30 20:52:31,434 INFO [http-nio-9000-exec-1] o.a.c.c.C.[.[.[/] [DirectJDKLog.java:180] Initializing Spring FrameworkServlet 'dispatcherServlet'
2019-05-30 20:52:31,434 INFO [http-nio-9000-exec-1] o.s.w.s.DispatcherServlet [FrameworkServlet.java:489] FrameworkServlet 'dispatcherServlet': initialization started
2019-05-30 20:52:31,471 INFO [http-nio-9000-exec-1] o.s.w.s.DispatcherServlet [FrameworkServlet.java:508] FrameworkServlet 'dispatcherServlet': initialization completed in 36 ms
2019-05-30 20:53:38,433 DEBUG [http-nio-9000-exec-4] k.a.h.c.c.CustomerController [CustomerController.java:36] Calling getAll( )
2019-05-30 20:53:38,467 INFO [http-nio-9000-exec-4] o.h.h.i.QueryTranslatorFactoryInitiator [QueryTranslatorFactoryInitiator.java:47] HHH000397: Using ASTQueryTranslatorFactory
2019-05-30 20:53:38,594 ERROR [http-nio-9000-exec-4] o.a.c.c.C.[.[.[.[dispatcherServlet] [DirectJDKLog.java:182] Servlet.service() for servlet [dispatcherServlet] in context with path [] threw exception [Request processing failed; nested exception is org.springframework.orm.jpa.JpaSystemException: No default constructor for entity:  : kr.ac.hansung.cse.model.Customer; nested exception is org.hibernate.InstantiationException: No default constructor for entity:  : kr.ac.hansung.cse.model.Customer] with root cause
org.hibernate.InstantiationException: No default constructor for entity:  : kr.ac.hansung.cse.model.Customer
	at org.hibernate.tuple.PojoInstantiator.instantiate(PojoInstantiator.java:84)
	at org.hibernate.tuple.PojoInstantiator.instantiate(PojoInstantiator.java:100)
	at org.hibernate.tuple.entity.AbstractEntityTuplizer.instantiate(AbstractEntityTuplizer.java:636)
	at org.hibernate.persister.entity.AbstractEntityPersister.instantiate(AbstractEntityPersister.java:4690)
	at org.hibernate.internal.SessionImpl.instantiate(SessionImpl.java:1470)
	at org.hibernate.internal.SessionImpl.instantiate(SessionImpl.java:1454)
	at org.hibernate.loader.Loader.instanceNotYetLoaded(Loader.java:1646)
	at org.hibernate.loader.Loader.getRow(Loader.java:1544)
	at org.hibernate.loader.Loader.getRowFromResultSet(Loader.java:727)
	at org.hibernate.loader.Loader.processResultSet(Loader.java:972)
	at org.hibernate.loader.Loader.doQuery(Loader.java:930)
	at org.hibernate.loader.Loader.doQueryAndInitializeNonLazyCollections(Loader.java:336)
	at org.hibernate.loader.Loader.doList(Loader.java:2617)
	at org.hibernate.loader.Loader.doList(Loader.java:2600)
	at org.hibernate.loader.Loader.listIgnoreQueryCache(Loader.java:2429)
	at org.hibernate.loader.Loader.list(Loader.java:2424)
	at org.hibernate.loader.hql.QueryLoader.list(QueryLoader.java:501)
	at org.hibernate.hql.internal.ast.QueryTranslatorImpl.list(QueryTranslatorImpl.java:371)
	at org.hibernate.engine.query.spi.HQLQueryPlan.performList(HQLQueryPlan.java:216)
	at org.hibernate.internal.SessionImpl.list(SessionImpl.java:1326)
	at org.hibernate.internal.QueryImpl.list(QueryImpl.java:87)
	at org.hibernate.jpa.internal.QueryImpl.list(QueryImpl.java:606)
	at org.hibernate.jpa.internal.QueryImpl.getResultList(QueryImpl.java:483)
	at org.hibernate.jpa.criteria.compile.CriteriaQueryTypeQueryAdapter.getResultList(CriteriaQueryTypeQueryAdapter.java:50)
	at org.springframework.data.jpa.repository.support.SimpleJpaRepository.findAll(SimpleJpaRepository.java:335)
	at org.springframework.data.jpa.repository.support.SimpleJpaRepository.findAll(SimpleJpaRepository.java:75)
	at sun.reflect.NativeMethodAccessorImpl.invoke0(Native Method)
	at sun.reflect.NativeMethodAccessorImpl.invoke(Unknown Source)
	at sun.reflect.DelegatingMethodAccessorImpl.invoke(Unknown Source)
	at java.lang.reflect.Method.invoke(Unknown Source)
	at org.springframework.data.repository.core.support.RepositoryFactorySupport$QueryExecutorMethodInterceptor.executeMethodOn(RepositoryFactorySupport.java:515)
	at org.springframework.data.repository.core.support.RepositoryFactorySupport$QueryExecutorMethodInterceptor.doInvoke(RepositoryFactorySupport.java:500)
	at org.springframework.data.repository.core.support.RepositoryFactorySupport$QueryExecutorMethodInterceptor.invoke(RepositoryFactorySupport.java:477)
	at org.springframework.aop.framework.ReflectiveMethodInvocation.proceed(ReflectiveMethodInvocation.java:179)
	at org.springframework.data.projection.DefaultMethodInvokingMethodInterceptor.invoke(DefaultMethodInvokingMethodInterceptor.java:56)
	at org.springframework.aop.framework.ReflectiveMethodInvocation.proceed(ReflectiveMethodInvocation.java:179)
	at org.springframework.transaction.interceptor.TransactionInterceptor$1.proceedWithInvocation(TransactionInterceptor.java:99)
	at org.springframework.transaction.interceptor.TransactionAspectSupport.invokeWithinTransaction(TransactionAspectSupport.java:283)
	at org.springframework.transaction.interceptor.TransactionInterceptor.invoke(TransactionInterceptor.java:96)
	at org.springframework.aop.framework.ReflectiveMethodInvocation.proceed(ReflectiveMethodInvocation.java:179)
	at org.springframework.dao.support.PersistenceExceptionTranslationInterceptor.invoke(PersistenceExceptionTranslationInterceptor.java:136)
	at org.springframework.aop.framework.ReflectiveMethodInvocation.proceed(ReflectiveMethodInvocation.java:179)
	at org.springframework.data.jpa.repository.support.CrudMethodMetadataPostProcessor$CrudMethodMetadataPopulatingMethodInterceptor.invoke(CrudMethodMetadataPostProcessor.java:133)
	at org.springframework.aop.framework.ReflectiveMethodInvocation.proceed(ReflectiveMethodInvocation.java:179)
	at org.springframework.aop.interceptor.ExposeInvocationInterceptor.invoke(ExposeInvocationInterceptor.java:92)
	at org.springframework.aop.framework.ReflectiveMethodInvocation.proceed(ReflectiveMethodInvocation.java:179)
	at org.springframework.data.repository.core.support.SurroundingTransactionDetectorMethodInterceptor.invoke(SurroundingTransactionDetectorMethodInterceptor.java:57)
	at org.springframework.aop.framework.ReflectiveMethodInvocation.proceed(ReflectiveMethodInvocation.java:179)
	at org.springframework.aop.framework.JdkDynamicAopProxy.invoke(JdkDynamicAopProxy.java:213)
	at com.sun.proxy.$Proxy84.findAll(Unknown Source)
	at kr.ac.hansung.cse.controller.CustomerController.getAll(CustomerController.java:40)
	at sun.reflect.NativeMethodAccessorImpl.invoke0(Native Method)
	at sun.reflect.NativeMethodAccessorImpl.invoke(Unknown Source)
	at sun.reflect.DelegatingMethodAccessorImpl.invoke(Unknown Source)
	at java.lang.reflect.Method.invoke(Unknown Source)
	at org.springframework.web.method.support.InvocableHandlerMethod.doInvoke(InvocableHandlerMethod.java:205)
	at org.springframework.web.method.support.InvocableHandlerMethod.invokeForRequest(InvocableHandlerMethod.java:133)
	at org.springframework.web.servlet.mvc.method.annotation.ServletInvocableHandlerMethod.invokeAndHandle(ServletInvocableHandlerMethod.java:97)
	at org.springframework.web.servlet.mvc.method.annotation.RequestMappingHandlerAdapter.invokeHandlerMethod(RequestMappingHandlerAdapter.java:854)
	at org.springframework.web.servlet.mvc.method.annotation.RequestMappingHandlerAdapter.handleInternal(RequestMappingHandlerAdapter.java:765)
	at org.springframework.web.servlet.mvc.method.AbstractHandlerMethodAdapter.handle(AbstractHandlerMethodAdapter.java:85)
	at org.springframework.web.servlet.DispatcherServlet.doDispatch(DispatcherServlet.java:967)
	at org.springframework.web.servlet.DispatcherServlet.doService(DispatcherServlet.java:901)
	at org.springframework.web.servlet.FrameworkServlet.processRequest(FrameworkServlet.java:970)
	at org.springframework.web.servlet.FrameworkServlet.doGet(FrameworkServlet.java:861)
	at javax.servlet.http.HttpServlet.service(HttpServlet.java:635)
	at org.springframework.web.servlet.FrameworkServlet.service(FrameworkServlet.java:846)
	at javax.servlet.http.HttpServlet.service(HttpServlet.java:742)
	at org.apache.catalina.core.ApplicationFilterChain.internalDoFilter(ApplicationFilterChain.java:231)
	at org.apache.catalina.core.ApplicationFilterChain.doFilter(ApplicationFilterChain.java:166)
	at org.apache.tomcat.websocket.server.WsFilter.doFilter(WsFilter.java:52)
	at org.apache.catalina.core.ApplicationFilterChain.internalDoFilter(ApplicationFilterChain.java:193)
	at org.apache.catalina.core.ApplicationFilterChain.doFilter(ApplicationFilterChain.java:166)
	at org.springframework.security.web.FilterChainProxy$VirtualFilterChain.doFilter(FilterChainProxy.java:317)
	at org.springframework.security.web.access.intercept.FilterSecurityInterceptor.invoke(FilterSecurityInterceptor.java:127)
	at org.springframework.security.web.access.intercept.FilterSecurityInterceptor.doFilter(FilterSecurityInterceptor.java:91)
	at org.springframework.security.web.FilterChainProxy$VirtualFilterChain.doFilter(FilterChainProxy.java:331)
	at org.springframework.security.web.access.ExceptionTranslationFilter.doFilter(ExceptionTranslationFilter.java:114)
	at org.springframework.security.web.FilterChainProxy$VirtualFilterChain.doFilter(FilterChainProxy.java:331)
	at org.springframework.security.web.session.SessionManagementFilter.doFilter(SessionManagementFilter.java:137)
	at org.springframework.security.web.FilterChainProxy$VirtualFilterChain.doFilter(FilterChainProxy.java:331)
	at org.springframework.security.web.authentication.AnonymousAuthenticationFilter.doFilter(AnonymousAuthenticationFilter.java:111)
	at org.springframework.security.web.FilterChainProxy$VirtualFilterChain.doFilter(FilterChainProxy.java:331)
	at org.springframework.security.web.servletapi.SecurityContextHolderAwareRequestFilter.doFilter(SecurityContextHolderAwareRequestFilter.java:170)
	at org.springframework.security.web.FilterChainProxy$VirtualFilterChain.doFilter(FilterChainProxy.java:331)
	at org.springframework.security.web.savedrequest.RequestCacheAwareFilter.doFilter(RequestCacheAwareFilter.java:63)
	at org.springframework.security.web.FilterChainProxy$VirtualFilterChain.doFilter(FilterChainProxy.java:331)
	at org.springframework.security.web.authentication.logout.LogoutFilter.doFilter(LogoutFilter.java:116)
	at org.springframework.security.web.FilterChainProxy$VirtualFilterChain.doFilter(FilterChainProxy.java:331)
	at org.springframework.security.web.header.HeaderWriterFilter.doFilterInternal(HeaderWriterFilter.java:66)
	at org.springframework.web.filter.OncePerRequestFilter.doFilter(OncePerRequestFilter.java:107)
	at org.springframework.security.web.FilterChainProxy$VirtualFilterChain.doFilter(FilterChainProxy.java:331)
	at org.springframework.security.web.context.SecurityContextPersistenceFilter.doFilter(SecurityContextPersistenceFilter.java:105)
	at org.springframework.security.web.FilterChainProxy$VirtualFilterChain.doFilter(FilterChainProxy.java:331)
	at org.springframework.security.web.context.request.async.WebAsyncManagerIntegrationFilter.doFilterInternal(WebAsyncManagerIntegrationFilter.java:56)
	at org.springframework.web.filter.OncePerRequestFilter.doFilter(OncePerRequestFilter.java:107)
	at org.springframework.security.web.FilterChainProxy$VirtualFilterChain.doFilter(FilterChainProxy.java:331)
	at org.springframework.security.web.FilterChainProxy.doFilterInternal(FilterChainProxy.java:214)
	at org.springframework.security.web.FilterChainProxy.doFilter(FilterChainProxy.java:177)
	at org.springframework.web.filter.DelegatingFilterProxy.invokeDelegate(DelegatingFilterProxy.java:347)
	at org.springframework.web.filter.DelegatingFilterProxy.doFilter(DelegatingFilterProxy.java:263)
	at org.apache.catalina.core.ApplicationFilterChain.internalDoFilter(ApplicationFilterChain.java:193)
	at org.apache.catalina.core.ApplicationFilterChain.doFilter(ApplicationFilterChain.java:166)
	at org.springframework.web.filter.RequestContextFilter.doFilterInternal(RequestContextFilter.java:99)
	at org.springframework.web.filter.OncePerRequestFilter.doFilter(OncePerRequestFilter.java:107)
	at org.apache.catalina.core.ApplicationFilterChain.internalDoFilter(ApplicationFilterChain.java:193)
	at org.apache.catalina.core.ApplicationFilterChain.doFilter(ApplicationFilterChain.java:166)
	at org.springframework.web.filter.HttpPutFormContentFilter.doFilterInternal(HttpPutFormContentFilter.java:109)
	at org.springframework.web.filter.OncePerRequestFilter.doFilter(OncePerRequestFilter.java:107)
	at org.apache.catalina.core.ApplicationFilterChain.internalDoFilter(ApplicationFilterChain.java:193)
	at org.apache.catalina.core.ApplicationFilterChain.doFilter(ApplicationFilterChain.java:166)
	at org.springframework.web.filter.HiddenHttpMethodFilter.doFilterInternal(HiddenHttpMethodFilter.java:93)
	at org.springframework.web.filter.OncePerRequestFilter.doFilter(OncePerRequestFilter.java:107)
	at org.apache.catalina.core.ApplicationFilterChain.internalDoFilter(ApplicationFilterChain.java:193)
	at org.apache.catalina.core.ApplicationFilterChain.doFilter(ApplicationFilterChain.java:166)
	at org.springframework.web.filter.CharacterEncodingFilter.doFilterInternal(CharacterEncodingFilter.java:197)
	at org.springframework.web.filter.OncePerRequestFilter.doFilter(OncePerRequestFilter.java:107)
	at org.apache.catalina.core.ApplicationFilterChain.internalDoFilter(ApplicationFilterChain.java:193)
	at org.apache.catalina.core.ApplicationFilterChain.doFilter(ApplicationFilterChain.java:166)
	at org.apache.catalina.core.StandardWrapperValve.invoke(StandardWrapperValve.java:199)
	at org.apache.catalina.core.StandardContextValve.invoke(StandardContextValve.java:96)
	at org.apache.catalina.authenticator.AuthenticatorBase.invoke(AuthenticatorBase.java:493)
	at org.apache.catalina.core.StandardHostValve.invoke(StandardHostValve.java:137)
	at org.apache.catalina.valves.ErrorReportValve.invoke(ErrorReportValve.java:81)
	at org.apache.catalina.core.StandardEngineValve.invoke(StandardEngineValve.java:87)
	at org.apache.catalina.connector.CoyoteAdapter.service(CoyoteAdapter.java:343)
	at org.apache.coyote.http11.Http11Processor.service(Http11Processor.java:798)
	at org.apache.coyote.AbstractProcessorLight.process(AbstractProcessorLight.java:66)
	at org.apache.coyote.AbstractProtocol$ConnectionHandler.process(AbstractProtocol.java:808)
	at org.apache.tomcat.util.net.NioEndpoint$SocketProcessor.doRun(NioEndpoint.java:1498)
	at org.apache.tomcat.util.net.SocketProcessorBase.run(SocketProcessorBase.java:49)
	at java.util.concurrent.ThreadPoolExecutor.runWorker(Unknown Source)
	at java.util.concurrent.ThreadPoolExecutor$Worker.run(Unknown Source)
	at org.apache.tomcat.util.threads.TaskThread$WrappingRunnable.run(TaskThread.java:61)
	at java.lang.Thread.run(Unknown Source)
2019-05-30 20:54:12,862 DEBUG [http-nio-9000-exec-6] k.a.h.c.c.CustomerController [CustomerController.java:36] Calling getAll( )
2019-05-30 20:54:12,871 ERROR [http-nio-9000-exec-6] o.a.c.c.C.[.[.[.[dispatcherServlet] [DirectJDKLog.java:182] Servlet.service() for servlet [dispatcherServlet] in context with path [] threw exception [Request processing failed; nested exception is org.springframework.orm.jpa.JpaSystemException: No default constructor for entity:  : kr.ac.hansung.cse.model.Customer; nested exception is org.hibernate.InstantiationException: No default constructor for entity:  : kr.ac.hansung.cse.model.Customer] with root cause
org.hibernate.InstantiationException: No default constructor for entity:  : kr.ac.hansung.cse.model.Customer
	at org.hibernate.tuple.PojoInstantiator.instantiate(PojoInstantiator.java:84)
	at org.hibernate.tuple.PojoInstantiator.instantiate(PojoInstantiator.java:100)
	at org.hibernate.tuple.entity.AbstractEntityTuplizer.instantiate(AbstractEntityTuplizer.java:636)
	at org.hibernate.persister.entity.AbstractEntityPersister.instantiate(AbstractEntityPersister.java:4690)
	at org.hibernate.internal.SessionImpl.instantiate(SessionImpl.java:1470)
	at org.hibernate.internal.SessionImpl.instantiate(SessionImpl.java:1454)
	at org.hibernate.loader.Loader.instanceNotYetLoaded(Loader.java:1646)
	at org.hibernate.loader.Loader.getRow(Loader.java:1544)
	at org.hibernate.loader.Loader.getRowFromResultSet(Loader.java:727)
	at org.hibernate.loader.Loader.processResultSet(Loader.java:972)
	at org.hibernate.loader.Loader.doQuery(Loader.java:930)
	at org.hibernate.loader.Loader.doQueryAndInitializeNonLazyCollections(Loader.java:336)
	at org.hibernate.loader.Loader.doList(Loader.java:2617)
	at org.hibernate.loader.Loader.doList(Loader.java:2600)
	at org.hibernate.loader.Loader.listIgnoreQueryCache(Loader.java:2429)
	at org.hibernate.loader.Loader.list(Loader.java:2424)
	at org.hibernate.loader.hql.QueryLoader.list(QueryLoader.java:501)
	at org.hibernate.hql.internal.ast.QueryTranslatorImpl.list(QueryTranslatorImpl.java:371)
	at org.hibernate.engine.query.spi.HQLQueryPlan.performList(HQLQueryPlan.java:216)
	at org.hibernate.internal.SessionImpl.list(SessionImpl.java:1326)
	at org.hibernate.internal.QueryImpl.list(QueryImpl.java:87)
	at org.hibernate.jpa.internal.QueryImpl.list(QueryImpl.java:606)
	at org.hibernate.jpa.internal.QueryImpl.getResultList(QueryImpl.java:483)
	at org.hibernate.jpa.criteria.compile.CriteriaQueryTypeQueryAdapter.getResultList(CriteriaQueryTypeQueryAdapter.java:50)
	at org.springframework.data.jpa.repository.support.SimpleJpaRepository.findAll(SimpleJpaRepository.java:335)
	at org.springframework.data.jpa.repository.support.SimpleJpaRepository.findAll(SimpleJpaRepository.java:75)
	at sun.reflect.NativeMethodAccessorImpl.invoke0(Native Method)
	at sun.reflect.NativeMethodAccessorImpl.invoke(Unknown Source)
	at sun.reflect.DelegatingMethodAccessorImpl.invoke(Unknown Source)
	at java.lang.reflect.Method.invoke(Unknown Source)
	at org.springframework.data.repository.core.support.RepositoryFactorySupport$QueryExecutorMethodInterceptor.executeMethodOn(RepositoryFactorySupport.java:515)
	at org.springframework.data.repository.core.support.RepositoryFactorySupport$QueryExecutorMethodInterceptor.doInvoke(RepositoryFactorySupport.java:500)
	at org.springframework.data.repository.core.support.RepositoryFactorySupport$QueryExecutorMethodInterceptor.invoke(RepositoryFactorySupport.java:477)
	at org.springframework.aop.framework.ReflectiveMethodInvocation.proceed(ReflectiveMethodInvocation.java:179)
	at org.springframework.data.projection.DefaultMethodInvokingMethodInterceptor.invoke(DefaultMethodInvokingMethodInterceptor.java:56)
	at org.springframework.aop.framework.ReflectiveMethodInvocation.proceed(ReflectiveMethodInvocation.java:179)
	at org.springframework.transaction.interceptor.TransactionInterceptor$1.proceedWithInvocation(TransactionInterceptor.java:99)
	at org.springframework.transaction.interceptor.TransactionAspectSupport.invokeWithinTransaction(TransactionAspectSupport.java:283)
	at org.springframework.transaction.interceptor.TransactionInterceptor.invoke(TransactionInterceptor.java:96)
	at org.springframework.aop.framework.ReflectiveMethodInvocation.proceed(ReflectiveMethodInvocation.java:179)
	at org.springframework.dao.support.PersistenceExceptionTranslationInterceptor.invoke(PersistenceExceptionTranslationInterceptor.java:136)
	at org.springframework.aop.framework.ReflectiveMethodInvocation.proceed(ReflectiveMethodInvocation.java:179)
	at org.springframework.data.jpa.repository.support.CrudMethodMetadataPostProcessor$CrudMethodMetadataPopulatingMethodInterceptor.invoke(CrudMethodMetadataPostProcessor.java:133)
	at org.springframework.aop.framework.ReflectiveMethodInvocation.proceed(ReflectiveMethodInvocation.java:179)
	at org.springframework.aop.interceptor.ExposeInvocationInterceptor.invoke(ExposeInvocationInterceptor.java:92)
	at org.springframework.aop.framework.ReflectiveMethodInvocation.proceed(ReflectiveMethodInvocation.java:179)
	at org.springframework.data.repository.core.support.SurroundingTransactionDetectorMethodInterceptor.invoke(SurroundingTransactionDetectorMethodInterceptor.java:57)
	at org.springframework.aop.framework.ReflectiveMethodInvocation.proceed(ReflectiveMethodInvocation.java:179)
	at org.springframework.aop.framework.JdkDynamicAopProxy.invoke(JdkDynamicAopProxy.java:213)
	at com.sun.proxy.$Proxy84.findAll(Unknown Source)
	at kr.ac.hansung.cse.controller.CustomerController.getAll(CustomerController.java:40)
	at sun.reflect.NativeMethodAccessorImpl.invoke0(Native Method)
	at sun.reflect.NativeMethodAccessorImpl.invoke(Unknown Source)
	at sun.reflect.DelegatingMethodAccessorImpl.invoke(Unknown Source)
	at java.lang.reflect.Method.invoke(Unknown Source)
	at org.springframework.web.method.support.InvocableHandlerMethod.doInvoke(InvocableHandlerMethod.java:205)
	at org.springframework.web.method.support.InvocableHandlerMethod.invokeForRequest(InvocableHandlerMethod.java:133)
	at org.springframework.web.servlet.mvc.method.annotation.ServletInvocableHandlerMethod.invokeAndHandle(ServletInvocableHandlerMethod.java:97)
	at org.springframework.web.servlet.mvc.method.annotation.RequestMappingHandlerAdapter.invokeHandlerMethod(RequestMappingHandlerAdapter.java:854)
	at org.springframework.web.servlet.mvc.method.annotation.RequestMappingHandlerAdapter.handleInternal(RequestMappingHandlerAdapter.java:765)
	at org.springframework.web.servlet.mvc.method.AbstractHandlerMethodAdapter.handle(AbstractHandlerMethodAdapter.java:85)
	at org.springframework.web.servlet.DispatcherServlet.doDispatch(DispatcherServlet.java:967)
	at org.springframework.web.servlet.DispatcherServlet.doService(DispatcherServlet.java:901)
	at org.springframework.web.servlet.FrameworkServlet.processRequest(FrameworkServlet.java:970)
	at org.springframework.web.servlet.FrameworkServlet.doGet(FrameworkServlet.java:861)
	at javax.servlet.http.HttpServlet.service(HttpServlet.java:635)
	at org.springframework.web.servlet.FrameworkServlet.service(FrameworkServlet.java:846)
	at javax.servlet.http.HttpServlet.service(HttpServlet.java:742)
	at org.apache.catalina.core.ApplicationFilterChain.internalDoFilter(ApplicationFilterChain.java:231)
	at org.apache.catalina.core.ApplicationFilterChain.doFilter(ApplicationFilterChain.java:166)
	at org.apache.tomcat.websocket.server.WsFilter.doFilter(WsFilter.java:52)
	at org.apache.catalina.core.ApplicationFilterChain.internalDoFilter(ApplicationFilterChain.java:193)
	at org.apache.catalina.core.ApplicationFilterChain.doFilter(ApplicationFilterChain.java:166)
	at org.springframework.security.web.FilterChainProxy$VirtualFilterChain.doFilter(FilterChainProxy.java:317)
	at org.springframework.security.web.access.intercept.FilterSecurityInterceptor.invoke(FilterSecurityInterceptor.java:127)
	at org.springframework.security.web.access.intercept.FilterSecurityInterceptor.doFilter(FilterSecurityInterceptor.java:91)
	at org.springframework.security.web.FilterChainProxy$VirtualFilterChain.doFilter(FilterChainProxy.java:331)
	at org.springframework.security.web.access.ExceptionTranslationFilter.doFilter(ExceptionTranslationFilter.java:114)
	at org.springframework.security.web.FilterChainProxy$VirtualFilterChain.doFilter(FilterChainProxy.java:331)
	at org.springframework.security.web.session.SessionManagementFilter.doFilter(SessionManagementFilter.java:137)
	at org.springframework.security.web.FilterChainProxy$VirtualFilterChain.doFilter(FilterChainProxy.java:331)
	at org.springframework.security.web.authentication.AnonymousAuthenticationFilter.doFilter(AnonymousAuthenticationFilter.java:111)
	at org.springframework.security.web.FilterChainProxy$VirtualFilterChain.doFilter(FilterChainProxy.java:331)
	at org.springframework.security.web.servletapi.SecurityContextHolderAwareRequestFilter.doFilter(SecurityContextHolderAwareRequestFilter.java:170)
	at org.springframework.security.web.FilterChainProxy$VirtualFilterChain.doFilter(FilterChainProxy.java:331)
	at org.springframework.security.web.savedrequest.RequestCacheAwareFilter.doFilter(RequestCacheAwareFilter.java:63)
	at org.springframework.security.web.FilterChainProxy$VirtualFilterChain.doFilter(FilterChainProxy.java:331)
	at org.springframework.security.web.authentication.logout.LogoutFilter.doFilter(LogoutFilter.java:116)
	at org.springframework.security.web.FilterChainProxy$VirtualFilterChain.doFilter(FilterChainProxy.java:331)
	at org.springframework.security.web.header.HeaderWriterFilter.doFilterInternal(HeaderWriterFilter.java:66)
	at org.springframework.web.filter.OncePerRequestFilter.doFilter(OncePerRequestFilter.java:107)
	at org.springframework.security.web.FilterChainProxy$VirtualFilterChain.doFilter(FilterChainProxy.java:331)
	at org.springframework.security.web.context.SecurityContextPersistenceFilter.doFilter(SecurityContextPersistenceFilter.java:105)
	at org.springframework.security.web.FilterChainProxy$VirtualFilterChain.doFilter(FilterChainProxy.java:331)
	at org.springframework.security.web.context.request.async.WebAsyncManagerIntegrationFilter.doFilterInternal(WebAsyncManagerIntegrationFilter.java:56)
	at org.springframework.web.filter.OncePerRequestFilter.doFilter(OncePerRequestFilter.java:107)
	at org.springframework.security.web.FilterChainProxy$VirtualFilterChain.doFilter(FilterChainProxy.java:331)
	at org.springframework.security.web.FilterChainProxy.doFilterInternal(FilterChainProxy.java:214)
	at org.springframework.security.web.FilterChainProxy.doFilter(FilterChainProxy.java:177)
	at org.springframework.web.filter.DelegatingFilterProxy.invokeDelegate(DelegatingFilterProxy.java:347)
	at org.springframework.web.filter.DelegatingFilterProxy.doFilter(DelegatingFilterProxy.java:263)
	at org.apache.catalina.core.ApplicationFilterChain.internalDoFilter(ApplicationFilterChain.java:193)
	at org.apache.catalina.core.ApplicationFilterChain.doFilter(ApplicationFilterChain.java:166)
	at org.springframework.web.filter.RequestContextFilter.doFilterInternal(RequestContextFilter.java:99)
	at org.springframework.web.filter.OncePerRequestFilter.doFilter(OncePerRequestFilter.java:107)
	at org.apache.catalina.core.ApplicationFilterChain.internalDoFilter(ApplicationFilterChain.java:193)
	at org.apache.catalina.core.ApplicationFilterChain.doFilter(ApplicationFilterChain.java:166)
	at org.springframework.web.filter.HttpPutFormContentFilter.doFilterInternal(HttpPutFormContentFilter.java:109)
	at org.springframework.web.filter.OncePerRequestFilter.doFilter(OncePerRequestFilter.java:107)
	at org.apache.catalina.core.ApplicationFilterChain.internalDoFilter(ApplicationFilterChain.java:193)
	at org.apache.catalina.core.ApplicationFilterChain.doFilter(ApplicationFilterChain.java:166)
	at org.springframework.web.filter.HiddenHttpMethodFilter.doFilterInternal(HiddenHttpMethodFilter.java:93)
	at org.springframework.web.filter.OncePerRequestFilter.doFilter(OncePerRequestFilter.java:107)
	at org.apache.catalina.core.ApplicationFilterChain.internalDoFilter(ApplicationFilterChain.java:193)
	at org.apache.catalina.core.ApplicationFilterChain.doFilter(ApplicationFilterChain.java:166)
	at org.springframework.web.filter.CharacterEncodingFilter.doFilterInternal(CharacterEncodingFilter.java:197)
	at org.springframework.web.filter.OncePerRequestFilter.doFilter(OncePerRequestFilter.java:107)
	at org.apache.catalina.core.ApplicationFilterChain.internalDoFilter(ApplicationFilterChain.java:193)
	at org.apache.catalina.core.ApplicationFilterChain.doFilter(ApplicationFilterChain.java:166)
	at org.apache.catalina.core.StandardWrapperValve.invoke(StandardWrapperValve.java:199)
	at org.apache.catalina.core.StandardContextValve.invoke(StandardContextValve.java:96)
	at org.apache.catalina.authenticator.AuthenticatorBase.invoke(AuthenticatorBase.java:493)
	at org.apache.catalina.core.StandardHostValve.invoke(StandardHostValve.java:137)
	at org.apache.catalina.valves.ErrorReportValve.invoke(ErrorReportValve.java:81)
	at org.apache.catalina.core.StandardEngineValve.invoke(StandardEngineValve.java:87)
	at org.apache.catalina.connector.CoyoteAdapter.service(CoyoteAdapter.java:343)
	at org.apache.coyote.http11.Http11Processor.service(Http11Processor.java:798)
	at org.apache.coyote.AbstractProcessorLight.process(AbstractProcessorLight.java:66)
	at org.apache.coyote.AbstractProtocol$ConnectionHandler.process(AbstractProtocol.java:808)
	at org.apache.tomcat.util.net.NioEndpoint$SocketProcessor.doRun(NioEndpoint.java:1498)
	at org.apache.tomcat.util.net.SocketProcessorBase.run(SocketProcessorBase.java:49)
	at java.util.concurrent.ThreadPoolExecutor.runWorker(Unknown Source)
	at java.util.concurrent.ThreadPoolExecutor$Worker.run(Unknown Source)
	at org.apache.tomcat.util.threads.TaskThread$WrappingRunnable.run(TaskThread.java:61)
	at java.lang.Thread.run(Unknown Source)
2019-05-30 20:54:27,242 DEBUG [http-nio-9000-exec-8] k.a.h.c.c.HomeController [HomeController.java:17] Calling home( )
2019-05-30 20:54:27,247 INFO [http-nio-9000-exec-8] o.t.TemplateEngine [TemplateEngine.java:825] [THYMELEAF] INITIALIZING TEMPLATE ENGINE
2019-05-30 20:54:27,293 INFO [http-nio-9000-exec-8] o.t.t.AbstractTemplateResolver [AbstractTemplateResolver.java:99] [THYMELEAF] INITIALIZING TEMPLATE RESOLVER: org.thymeleaf.spring4.templateresolver.SpringResourceTemplateResolver
2019-05-30 20:54:27,294 INFO [http-nio-9000-exec-8] o.t.t.AbstractTemplateResolver [AbstractTemplateResolver.java:110] [THYMELEAF] TEMPLATE RESOLVER INITIALIZED OK
2019-05-30 20:54:27,294 INFO [http-nio-9000-exec-8] o.t.m.AbstractMessageResolver [AbstractMessageResolver.java:72] [THYMELEAF] INITIALIZING MESSAGE RESOLVER: org.thymeleaf.spring4.messageresolver.SpringMessageResolver
2019-05-30 20:54:27,294 INFO [http-nio-9000-exec-8] o.t.m.AbstractMessageResolver [AbstractMessageResolver.java:78] [THYMELEAF] MESSAGE RESOLVER INITIALIZED OK
2019-05-30 20:54:27,298 INFO [http-nio-9000-exec-8] o.t.T.CONFIG [ConfigurationPrinterHelper.java:123] [THYMELEAF] TEMPLATE ENGINE CONFIGURATION:
[THYMELEAF] * Cache Factory implementation: org.thymeleaf.cache.StandardCacheManager
[THYMELEAF] * Template modes:
[THYMELEAF]     * VALIDXML
[THYMELEAF]     * VALIDXHTML
[THYMELEAF]     * XHTML
[THYMELEAF]     * LEGACYHTML5
[THYMELEAF]     * HTML5
[THYMELEAF]     * XML
[THYMELEAF] * Template resolvers (in order):
[THYMELEAF]     * org.thymeleaf.spring4.templateresolver.SpringResourceTemplateResolver
[THYMELEAF] * Message resolvers (in order):
[THYMELEAF]     * org.thymeleaf.spring4.messageresolver.SpringMessageResolver
[THYMELEAF] * Dialect [1 of 2]: org.thymeleaf.spring4.dialect.SpringStandardDialect
[THYMELEAF]     * Prefix: "th"
[THYMELEAF] * Dialect [2 of 2]: nz.net.ultraq.thymeleaf.LayoutDialect
[THYMELEAF]     * Prefix: "layout"
[THYMELEAF] TEMPLATE ENGINE CONFIGURED OK
2019-05-30 20:54:27,299 INFO [http-nio-9000-exec-8] o.t.TemplateEngine [TemplateEngine.java:838] [THYMELEAF] TEMPLATE ENGINE INITIALIZED
2019-05-30 20:54:37,035 DEBUG [http-nio-9000-exec-10] k.a.h.c.c.CustomerController [CustomerController.java:36] Calling getAll( )
2019-05-30 20:54:37,042 ERROR [http-nio-9000-exec-10] o.a.c.c.C.[.[.[.[dispatcherServlet] [DirectJDKLog.java:182] Servlet.service() for servlet [dispatcherServlet] in context with path [] threw exception [Request processing failed; nested exception is org.springframework.orm.jpa.JpaSystemException: No default constructor for entity:  : kr.ac.hansung.cse.model.Customer; nested exception is org.hibernate.InstantiationException: No default constructor for entity:  : kr.ac.hansung.cse.model.Customer] with root cause
org.hibernate.InstantiationException: No default constructor for entity:  : kr.ac.hansung.cse.model.Customer
	at org.hibernate.tuple.PojoInstantiator.instantiate(PojoInstantiator.java:84)
	at org.hibernate.tuple.PojoInstantiator.instantiate(PojoInstantiator.java:100)
	at org.hibernate.tuple.entity.AbstractEntityTuplizer.instantiate(AbstractEntityTuplizer.java:636)
	at org.hibernate.persister.entity.AbstractEntityPersister.instantiate(AbstractEntityPersister.java:4690)
	at org.hibernate.internal.SessionImpl.instantiate(SessionImpl.java:1470)
	at org.hibernate.internal.SessionImpl.instantiate(SessionImpl.java:1454)
	at org.hibernate.loader.Loader.instanceNotYetLoaded(Loader.java:1646)
	at org.hibernate.loader.Loader.getRow(Loader.java:1544)
	at org.hibernate.loader.Loader.getRowFromResultSet(Loader.java:727)
	at org.hibernate.loader.Loader.processResultSet(Loader.java:972)
	at org.hibernate.loader.Loader.doQuery(Loader.java:930)
	at org.hibernate.loader.Loader.doQueryAndInitializeNonLazyCollections(Loader.java:336)
	at org.hibernate.loader.Loader.doList(Loader.java:2617)
	at org.hibernate.loader.Loader.doList(Loader.java:2600)
	at org.hibernate.loader.Loader.listIgnoreQueryCache(Loader.java:2429)
	at org.hibernate.loader.Loader.list(Loader.java:2424)
	at org.hibernate.loader.hql.QueryLoader.list(QueryLoader.java:501)
	at org.hibernate.hql.internal.ast.QueryTranslatorImpl.list(QueryTranslatorImpl.java:371)
	at org.hibernate.engine.query.spi.HQLQueryPlan.performList(HQLQueryPlan.java:216)
	at org.hibernate.internal.SessionImpl.list(SessionImpl.java:1326)
	at org.hibernate.internal.QueryImpl.list(QueryImpl.java:87)
	at org.hibernate.jpa.internal.QueryImpl.list(QueryImpl.java:606)
	at org.hibernate.jpa.internal.QueryImpl.getResultList(QueryImpl.java:483)
	at org.hibernate.jpa.criteria.compile.CriteriaQueryTypeQueryAdapter.getResultList(CriteriaQueryTypeQueryAdapter.java:50)
	at org.springframework.data.jpa.repository.support.SimpleJpaRepository.findAll(SimpleJpaRepository.java:335)
	at org.springframework.data.jpa.repository.support.SimpleJpaRepository.findAll(SimpleJpaRepository.java:75)
	at sun.reflect.NativeMethodAccessorImpl.invoke0(Native Method)
	at sun.reflect.NativeMethodAccessorImpl.invoke(Unknown Source)
	at sun.reflect.DelegatingMethodAccessorImpl.invoke(Unknown Source)
	at java.lang.reflect.Method.invoke(Unknown Source)
	at org.springframework.data.repository.core.support.RepositoryFactorySupport$QueryExecutorMethodInterceptor.executeMethodOn(RepositoryFactorySupport.java:515)
	at org.springframework.data.repository.core.support.RepositoryFactorySupport$QueryExecutorMethodInterceptor.doInvoke(RepositoryFactorySupport.java:500)
	at org.springframework.data.repository.core.support.RepositoryFactorySupport$QueryExecutorMethodInterceptor.invoke(RepositoryFactorySupport.java:477)
	at org.springframework.aop.framework.ReflectiveMethodInvocation.proceed(ReflectiveMethodInvocation.java:179)
	at org.springframework.data.projection.DefaultMethodInvokingMethodInterceptor.invoke(DefaultMethodInvokingMethodInterceptor.java:56)
	at org.springframework.aop.framework.ReflectiveMethodInvocation.proceed(ReflectiveMethodInvocation.java:179)
	at org.springframework.transaction.interceptor.TransactionInterceptor$1.proceedWithInvocation(TransactionInterceptor.java:99)
	at org.springframework.transaction.interceptor.TransactionAspectSupport.invokeWithinTransaction(TransactionAspectSupport.java:283)
	at org.springframework.transaction.interceptor.TransactionInterceptor.invoke(TransactionInterceptor.java:96)
	at org.springframework.aop.framework.ReflectiveMethodInvocation.proceed(ReflectiveMethodInvocation.java:179)
	at org.springframework.dao.support.PersistenceExceptionTranslationInterceptor.invoke(PersistenceExceptionTranslationInterceptor.java:136)
	at org.springframework.aop.framework.ReflectiveMethodInvocation.proceed(ReflectiveMethodInvocation.java:179)
	at org.springframework.data.jpa.repository.support.CrudMethodMetadataPostProcessor$CrudMethodMetadataPopulatingMethodInterceptor.invoke(CrudMethodMetadataPostProcessor.java:133)
	at org.springframework.aop.framework.ReflectiveMethodInvocation.proceed(ReflectiveMethodInvocation.java:179)
	at org.springframework.aop.interceptor.ExposeInvocationInterceptor.invoke(ExposeInvocationInterceptor.java:92)
	at org.springframework.aop.framework.ReflectiveMethodInvocation.proceed(ReflectiveMethodInvocation.java:179)
	at org.springframework.data.repository.core.support.SurroundingTransactionDetectorMethodInterceptor.invoke(SurroundingTransactionDetectorMethodInterceptor.java:57)
	at org.springframework.aop.framework.ReflectiveMethodInvocation.proceed(ReflectiveMethodInvocation.java:179)
	at org.springframework.aop.framework.JdkDynamicAopProxy.invoke(JdkDynamicAopProxy.java:213)
	at com.sun.proxy.$Proxy84.findAll(Unknown Source)
	at kr.ac.hansung.cse.controller.CustomerController.getAll(CustomerController.java:40)
	at sun.reflect.NativeMethodAccessorImpl.invoke0(Native Method)
	at sun.reflect.NativeMethodAccessorImpl.invoke(Unknown Source)
	at sun.reflect.DelegatingMethodAccessorImpl.invoke(Unknown Source)
	at java.lang.reflect.Method.invoke(Unknown Source)
	at org.springframework.web.method.support.InvocableHandlerMethod.doInvoke(InvocableHandlerMethod.java:205)
	at org.springframework.web.method.support.InvocableHandlerMethod.invokeForRequest(InvocableHandlerMethod.java:133)
	at org.springframework.web.servlet.mvc.method.annotation.ServletInvocableHandlerMethod.invokeAndHandle(ServletInvocableHandlerMethod.java:97)
	at org.springframework.web.servlet.mvc.method.annotation.RequestMappingHandlerAdapter.invokeHandlerMethod(RequestMappingHandlerAdapter.java:854)
	at org.springframework.web.servlet.mvc.method.annotation.RequestMappingHandlerAdapter.handleInternal(RequestMappingHandlerAdapter.java:765)
	at org.springframework.web.servlet.mvc.method.AbstractHandlerMethodAdapter.handle(AbstractHandlerMethodAdapter.java:85)
	at org.springframework.web.servlet.DispatcherServlet.doDispatch(DispatcherServlet.java:967)
	at org.springframework.web.servlet.DispatcherServlet.doService(DispatcherServlet.java:901)
	at org.springframework.web.servlet.FrameworkServlet.processRequest(FrameworkServlet.java:970)
	at org.springframework.web.servlet.FrameworkServlet.doGet(FrameworkServlet.java:861)
	at javax.servlet.http.HttpServlet.service(HttpServlet.java:635)
	at org.springframework.web.servlet.FrameworkServlet.service(FrameworkServlet.java:846)
	at javax.servlet.http.HttpServlet.service(HttpServlet.java:742)
	at org.apache.catalina.core.ApplicationFilterChain.internalDoFilter(ApplicationFilterChain.java:231)
	at org.apache.catalina.core.ApplicationFilterChain.doFilter(ApplicationFilterChain.java:166)
	at org.apache.tomcat.websocket.server.WsFilter.doFilter(WsFilter.java:52)
	at org.apache.catalina.core.ApplicationFilterChain.internalDoFilter(ApplicationFilterChain.java:193)
	at org.apache.catalina.core.ApplicationFilterChain.doFilter(ApplicationFilterChain.java:166)
	at org.springframework.security.web.FilterChainProxy$VirtualFilterChain.doFilter(FilterChainProxy.java:317)
	at org.springframework.security.web.access.intercept.FilterSecurityInterceptor.invoke(FilterSecurityInterceptor.java:127)
	at org.springframework.security.web.access.intercept.FilterSecurityInterceptor.doFilter(FilterSecurityInterceptor.java:91)
	at org.springframework.security.web.FilterChainProxy$VirtualFilterChain.doFilter(FilterChainProxy.java:331)
	at org.springframework.security.web.access.ExceptionTranslationFilter.doFilter(ExceptionTranslationFilter.java:114)
	at org.springframework.security.web.FilterChainProxy$VirtualFilterChain.doFilter(FilterChainProxy.java:331)
	at org.springframework.security.web.session.SessionManagementFilter.doFilter(SessionManagementFilter.java:137)
	at org.springframework.security.web.FilterChainProxy$VirtualFilterChain.doFilter(FilterChainProxy.java:331)
	at org.springframework.security.web.authentication.AnonymousAuthenticationFilter.doFilter(AnonymousAuthenticationFilter.java:111)
	at org.springframework.security.web.FilterChainProxy$VirtualFilterChain.doFilter(FilterChainProxy.java:331)
	at org.springframework.security.web.servletapi.SecurityContextHolderAwareRequestFilter.doFilter(SecurityContextHolderAwareRequestFilter.java:170)
	at org.springframework.security.web.FilterChainProxy$VirtualFilterChain.doFilter(FilterChainProxy.java:331)
	at org.springframework.security.web.savedrequest.RequestCacheAwareFilter.doFilter(RequestCacheAwareFilter.java:63)
	at org.springframework.security.web.FilterChainProxy$VirtualFilterChain.doFilter(FilterChainProxy.java:331)
	at org.springframework.security.web.authentication.logout.LogoutFilter.doFilter(LogoutFilter.java:116)
	at org.springframework.security.web.FilterChainProxy$VirtualFilterChain.doFilter(FilterChainProxy.java:331)
	at org.springframework.security.web.header.HeaderWriterFilter.doFilterInternal(HeaderWriterFilter.java:66)
	at org.springframework.web.filter.OncePerRequestFilter.doFilter(OncePerRequestFilter.java:107)
	at org.springframework.security.web.FilterChainProxy$VirtualFilterChain.doFilter(FilterChainProxy.java:331)
	at org.springframework.security.web.context.SecurityContextPersistenceFilter.doFilter(SecurityContextPersistenceFilter.java:105)
	at org.springframework.security.web.FilterChainProxy$VirtualFilterChain.doFilter(FilterChainProxy.java:331)
	at org.springframework.security.web.context.request.async.WebAsyncManagerIntegrationFilter.doFilterInternal(WebAsyncManagerIntegrationFilter.java:56)
	at org.springframework.web.filter.OncePerRequestFilter.doFilter(OncePerRequestFilter.java:107)
	at org.springframework.security.web.FilterChainProxy$VirtualFilterChain.doFilter(FilterChainProxy.java:331)
	at org.springframework.security.web.FilterChainProxy.doFilterInternal(FilterChainProxy.java:214)
	at org.springframework.security.web.FilterChainProxy.doFilter(FilterChainProxy.java:177)
	at org.springframework.web.filter.DelegatingFilterProxy.invokeDelegate(DelegatingFilterProxy.java:347)
	at org.springframework.web.filter.DelegatingFilterProxy.doFilter(DelegatingFilterProxy.java:263)
	at org.apache.catalina.core.ApplicationFilterChain.internalDoFilter(ApplicationFilterChain.java:193)
	at org.apache.catalina.core.ApplicationFilterChain.doFilter(ApplicationFilterChain.java:166)
	at org.springframework.web.filter.RequestContextFilter.doFilterInternal(RequestContextFilter.java:99)
	at org.springframework.web.filter.OncePerRequestFilter.doFilter(OncePerRequestFilter.java:107)
	at org.apache.catalina.core.ApplicationFilterChain.internalDoFilter(ApplicationFilterChain.java:193)
	at org.apache.catalina.core.ApplicationFilterChain.doFilter(ApplicationFilterChain.java:166)
	at org.springframework.web.filter.HttpPutFormContentFilter.doFilterInternal(HttpPutFormContentFilter.java:109)
	at org.springframework.web.filter.OncePerRequestFilter.doFilter(OncePerRequestFilter.java:107)
	at org.apache.catalina.core.ApplicationFilterChain.internalDoFilter(ApplicationFilterChain.java:193)
	at org.apache.catalina.core.ApplicationFilterChain.doFilter(ApplicationFilterChain.java:166)
	at org.springframework.web.filter.HiddenHttpMethodFilter.doFilterInternal(HiddenHttpMethodFilter.java:93)
	at org.springframework.web.filter.OncePerRequestFilter.doFilter(OncePerRequestFilter.java:107)
	at org.apache.catalina.core.ApplicationFilterChain.internalDoFilter(ApplicationFilterChain.java:193)
	at org.apache.catalina.core.ApplicationFilterChain.doFilter(ApplicationFilterChain.java:166)
	at org.springframework.web.filter.CharacterEncodingFilter.doFilterInternal(CharacterEncodingFilter.java:197)
	at org.springframework.web.filter.OncePerRequestFilter.doFilter(OncePerRequestFilter.java:107)
	at org.apache.catalina.core.ApplicationFilterChain.internalDoFilter(ApplicationFilterChain.java:193)
	at org.apache.catalina.core.ApplicationFilterChain.doFilter(ApplicationFilterChain.java:166)
	at org.apache.catalina.core.StandardWrapperValve.invoke(StandardWrapperValve.java:199)
	at org.apache.catalina.core.StandardContextValve.invoke(StandardContextValve.java:96)
	at org.apache.catalina.authenticator.AuthenticatorBase.invoke(AuthenticatorBase.java:493)
	at org.apache.catalina.core.StandardHostValve.invoke(StandardHostValve.java:137)
	at org.apache.catalina.valves.ErrorReportValve.invoke(ErrorReportValve.java:81)
	at org.apache.catalina.core.StandardEngineValve.invoke(StandardEngineValve.java:87)
	at org.apache.catalina.connector.CoyoteAdapter.service(CoyoteAdapter.java:343)
	at org.apache.coyote.http11.Http11Processor.service(Http11Processor.java:798)
	at org.apache.coyote.AbstractProcessorLight.process(AbstractProcessorLight.java:66)
	at org.apache.coyote.AbstractProtocol$ConnectionHandler.process(AbstractProtocol.java:808)
	at org.apache.tomcat.util.net.NioEndpoint$SocketProcessor.doRun(NioEndpoint.java:1498)
	at org.apache.tomcat.util.net.SocketProcessorBase.run(SocketProcessorBase.java:49)
	at java.util.concurrent.ThreadPoolExecutor.runWorker(Unknown Source)
	at java.util.concurrent.ThreadPoolExecutor$Worker.run(Unknown Source)
	at org.apache.tomcat.util.threads.TaskThread$WrappingRunnable.run(TaskThread.java:61)
	at java.lang.Thread.run(Unknown Source)
